182
4
73
106
80
24
207
129
294
147
150
119
185
121
23
4
159
71
139
71
160
232
165
98
25
35
88
224
46
25
129
189
320
90
22
109
245
132
43
5
237
83
105
292
165
35
99
46
118
213
82
256
13
124
40
190
207
330
47
188
102
7
100
21
10
69
10
115
110
102
45
36
190
127
45
142
27
12
135
82
15
187
175
1
60
46
59
343
89
285
202
76
55
32
42
189
183
36
147
6
140
12
39
207
205
156
243
162
93
264
76
87
109
291
85
188
247
107
89
136
17
93
22
20
127
92
131
71
37
5
187
47
218
38
53
135
229
94
60
129
76
148
14
46
34
13
13
6
24
175
54
315
43
106
6
105
20
154
109
107
41
35
25
243
109
163
276
135
110
74
269
140
111
83
52
250
148
20
148
39
105
49
38
241
19
63
28
60
159
87
120
119
112
46
167
91
237
104
236
4
4
77
2
163
26
16
100
133
64
230
282
29
49
6
83
53
333
52
9
96
62
2
205
150
87
220
13
88
4
43
81
24
79
205
135
30
144
92
117
46
100
66
29
149
111
62
89
202
181
197
71
104
146
207
213
125
45
100
25
91
29
87
8
233
263
60
66
119
18
100
86
9
117
20
74
130
111
94
77
248
32
224
28
3
287
27
10
16
60
263
46
83
186
119
18
85
28
3
132
219
14
138
31
80
204
107
79
169
69
284
193
148
144
46
51
43
6
162
149
59
128
228
127
16
71
27
201
158
86
16
139
35
48
190
12
84
34
17
41
58
88
130
103
24
89
19
76
177
6
171
249
162
207
116
146
22
67
199
87
168
15
133
43
166
172
97
143
196
36
30
42
108
101
195
25
71
183
267
186
33
179
82
103
83
188
20
13
62
73
83
206
70
173
130
152
177
140
62
114
11
46
134
142
276
210
22
68
51
60
254
120
79
14
2
63
45
77
164
140
35
106
83
56
91
67
137
232
95
71
191
165
102
9
23
36
99
98
109
246
74
230
80
115
27
8
60
102
198
264
54
118
65
15
18
205
15
92
95
55
136
243
63
110
151
19
228
240
73
263
252
224
83
28
92
61
83
137
85
39
179
107
84
17
7
74
6
147
44
22
201
234
72
121
132
270
19
30
