177
4
72
104
79
24
201
127
287
143
147
116
180
117
23
4
155
67
133
70
155
225
161
96
25
35
83
217
43
25
125
184
314
85
21
105
239
127
40
5
231
83
101
285
160
34
95
45
117
208
79
250
13
122
40
187
202
322
45
185
101
7
97
21
10
66
10
113
106
100
44
34
185
125
43
137
26
12
130
80
15
182
172
1
57
46
58
334
88
278
197
75
55
31
41
184
178
35
143
6
134
11
36
201
199
153
235
158
90
257
72
84
105
282
81
183
239
106
88
133
17
92
21
20
124
90
129
67
35
5
183
46
210
36
51
132
220
90
58
125
74
144
14
46
32
13
13
6
24
169
54
304
40
103
6
100
20
150
107
102
39
35
24
236
107
160
267
132
109
71
261
137
106
81
51
243
143
20
142
38
102
48
36
234
19
61
28
59
155
85
119
116
107
45
161
86
230
103
229
4
4
75
2
159
26
16
98
130
62
224
274
29
48
6
81
50
324
50
9
94
58
2
199
146
85
213
13
86
4
43
79
23
78
200
130
30
139
90
113
43
100
63
29
148
108
60
87
196
176
193
69
103
141
204
208
124
45
100
24
89
29
87
8
228
257
59
65
118
18
98
86
9
116
20
69
128
109
94
77
242
31
219
27
3
280
27
10
16
60
257
45
80
183
116
18
82
28
3
131
215
14
137
30
79
198
107
78
164
69
278
188
143
139
46
49
43
6
157
147
57
123
223
126
16
69
27
197
153
86
16
137
35
48
187
12
79
34
17
40
57
83
129
98
24
88
19
73
176
6
170
242
156
203
114
140
22
66
193
87
162
15
132
41
160
171
95
141
193
34
29
41
106
99
190
24
71
178
260
182
32
174
81
99
83
183
20
13
61
69
83
203
70
167
129
146
170
139
58
113
11
46
128
141
269
204
21
67
49
60
246
119
77
14
2
63
43
76
163
134
35
102
79
54
91
67
131
225
94
70
185
159
101
9
21
36
93
98
108
240
68
222
79
114
26
7
59
101
190
255
54
117
65
15
18
197
15
91
94
54
135
235
62
107
145
17
220
232
70
256
243
217
82
28
91
59
80
136
84
38
171
106
78
17
7
73
6
140
43
21
195
227
71
120
126
262
17
28
